{
  "RSpec": {
    "coverage": {
      "/Users/kartik/git_work/E_Commerce/spec/controllers/welcome_controller_spec.rb": [
        1,
        null,
        1,
        1,
        1,
        1,
        0,
        null,
        null,
        null
      ],
      "/Users/kartik/git_work/E_Commerce/spec/rails_helper.rb": [
        null,
        1,
        1,
        1,
        null,
        1,
        1,
        null,
        null,
        null,
        null,
        null,
        null,
        null,
        null,
        null,
        null,
        null,
        null,
        null,
        null,
        null,
        null,
        null,
        null,
        null,
        1,
        null,
        1,
        null,
        1,
        null,
        null,
        null,
        null,
        1,
        null,
        null,
        null,
        null,
        null,
        null,
        null,
        null,
        null,
        null,
        null,
        null,
        null,
        null,
        1,
        null,
        null,
        1,
        null,
        null,
        null
      ],
      "/Users/kartik/git_work/E_Commerce/config/environment.rb": [
        null,
        1,
        null,
        null,
        1
      ],
      "/Users/kartik/git_work/E_Commerce/config/application.rb": [
        1,
        null,
        1,
        null,
        null,
        null,
        1,
        null,
        1,
        1,
        null,
        null,
        null,
        null,
        null,
        null,
        null,
        null,
        null,
        null,
        null,
        null,
        null,
        1,
        null,
        null
      ],
      "/Users/kartik/git_work/E_Commerce/config/boot.rb": [
        1,
        null,
        1
      ],
      "/Users/kartik/git_work/E_Commerce/config/environments/test.rb": [
        1,
        null,
        null,
        null,
        null,
        null,
        null,
        1,
        null,
        null,
        null,
        null,
        1,
        null,
        null,
        1,
        1,
        null,
        null,
        1,
        1,
        null,
        null,
        1,
        null,
        null,
        1,
        null,
        null,
        null,
        null,
        1,
        null,
        null,
        1,
        null,
        null,
        1,
        null,
        null,
        null,
        null
      ],
      "/Users/kartik/git_work/E_Commerce/config/initializers/assets.rb": [
        null,
        null,
        null,
        1,
        null,
        null,
        null,
        null,
        null,
        null,
        null
      ],
      "/Users/kartik/git_work/E_Commerce/config/initializers/backtrace_silencers.rb": [
        null,
        null,
        null,
        null,
        null,
        null,
        null
      ],
      "/Users/kartik/git_work/E_Commerce/config/initializers/cookies_serializer.rb": [
        null,
        null,
        1
      ],
      "/Users/kartik/git_work/E_Commerce/config/initializers/filter_parameter_logging.rb": [
        null,
        null,
        null,
        1
      ],
      "/Users/kartik/git_work/E_Commerce/config/initializers/inflections.rb": [
        null,
        null,
        null,
        null,
        null,
        null,
        null,
        null,
        null,
        null,
        null,
        null,
        null,
        null,
        null,
        null
      ],
      "/Users/kartik/git_work/E_Commerce/config/initializers/mime_types.rb": [
        null,
        null,
        null,
        null
      ],
      "/Users/kartik/git_work/E_Commerce/config/initializers/session_store.rb": [
        null,
        null,
        1
      ],
      "/Users/kartik/git_work/E_Commerce/config/initializers/to_time_preserves_timezone.rb": [
        null,
        null,
        null,
        null,
        null,
        null,
        null,
        null,
        null,
        1
      ],
      "/Users/kartik/git_work/E_Commerce/config/initializers/wrap_parameters.rb": [
        null,
        null,
        null,
        null,
        null,
        null,
        1,
        1,
        null,
        null,
        null,
        null,
        null,
        null
      ],
      "/Users/kartik/git_work/E_Commerce/spec/factories/categories.rb": [
        1,
        1,
        1,
        null,
        null
      ],
      "/Users/kartik/git_work/E_Commerce/spec/factories/invoices.rb": [
        1,
        1,
        1,
        1,
        1,
        null,
        null
      ],
      "/Users/kartik/git_work/E_Commerce/spec/factories/items.rb": [
        1,
        1,
        1,
        1,
        1,
        1,
        1,
        null,
        null
      ],
      "/Users/kartik/git_work/E_Commerce/spec/factories/orders.rb": [
        1,
        1,
        1,
        1,
        1,
        1,
        null,
        null
      ],
      "/Users/kartik/git_work/E_Commerce/spec/factories/users.rb": [
        1,
        1,
        1,
        1,
        1,
        1,
        1,
        1,
        null,
        null
      ],
      "/Users/kartik/git_work/E_Commerce/config/routes.rb": [
        1,
        1,
        1,
        1,
        1,
        1,
        1,
        1,
        null
      ],
      "/Users/kartik/git_work/E_Commerce/app/helpers/application_helper.rb": [
        1,
        null
      ],
      "/Users/kartik/git_work/E_Commerce/app/controllers/welcome_controller.rb": [
        1,
        1,
        null,
        null
      ],
      "/Users/kartik/git_work/E_Commerce/app/controllers/application_controller.rb": [
        1,
        1,
        null
      ]
    },
    "timestamp": 1516341045
  }
}
